<?xml version="1.0" encoding="UTF-8"?>
<!-- Generated by org.testng.reporters.JUnitReportReporter -->
<testsuite hostname="DIN56001823" name="hu.HNODE" tests="1" failures="0" timestamp="22 Feb 2018 13:28:27 GMT" time="74.369" errors="0">
  <testcase name="asd" time="74.369" classname="hu.HNODE"/>
</testsuite> <!-- hu.HNODE -->
